Using pre-set license
Built from '2020.3/staging' branch; Version is '2020.3.48f1 (b805b124c6b7) revision 12060081'; Using compiler version '192528614'; Build Type 'Release'
OS: 'Windows 10  (10.0.19045) 64bit Core' Language: 'en' Physical Memory: 16201 MB
BatchMode: 1, IsHumanControllingUs: 0, StartBugReporterOnCrash: 0, Is64bit: 1, IsPro: 0

COMMAND LINE ARGUMENTS:
D:\Unity\Installs\2020.3.48f1\Editor\Unity.exe
-adb2
-batchMode
-noUpm
-name
AssetImportWorker0
-projectPath
D:/Capstone Repo/hololens_unity_asa
-logFile
Logs/AssetImportWorker0.log
-srvPort
56482
Successfully changed project path to: D:/Capstone Repo/hololens_unity_asa
D:/Capstone Repo/hololens_unity_asa
Using Asset Import Pipeline V2.
Player connection [1984] Host "[IP] 192.168.0.108 [Port] 3221442976 [Flags] 2 [Guid] 4209689619 [EditorId] 4209689619 [Version] 1048832 [Id] WindowsEditor(7,MSI) [Debug] 1 [PackageName] WindowsEditor [ProjectName] Editor" joined multi-casting on [225.0.0.222:54997]...

Player connection [1984] Host "[IP] 192.168.0.108 [Port] 3221442976 [Flags] 2 [Guid] 4209689619 [EditorId] 4209689619 [Version] 1048832 [Id] WindowsEditor(7,MSI) [Debug] 1 [PackageName] WindowsEditor [ProjectName] Editor" joined alternative multi-casting on [225.0.0.222:34997]...

Refreshing native plugins compatible for Editor in 85.17 ms, found 20 plugins.
Preloading 0 native plugins for Editor in 0.00 ms.
Initialize engine version: 2020.3.48f1 (b805b124c6b7)
[Subsystems] Discovering subsystems at path D:/Unity/Installs/2020.3.48f1/Editor/Data/Resources/UnitySubsystems
[Subsystems] Discovering subsystems at path D:/Capstone Repo/hololens_unity_asa/Assets
GfxDevice: creating device client; threaded=0
Direct3D:
    Version:  Direct3D 11.0 [level 11.1]
    Renderer: NVIDIA GeForce RTX 2070 (ID=0x1f14)
    Vendor:   
    VRAM:     8006 MB
    Driver:   31.0.15.5161
Initialize mono
Mono path[0] = 'D:/Unity/Installs/2020.3.48f1/Editor/Data/Managed'
Mono path[1] = 'D:/Unity/Installs/2020.3.48f1/Editor/Data/MonoBleedingEdge/lib/mono/unityjit'
Mono config path = 'D:/Unity/Installs/2020.3.48f1/Editor/Data/MonoBleedingEdge/etc'
Using monoOptions --debugger-agent=transport=dt_socket,embedding=1,server=y,suspend=n,address=127.0.0.1:56340
Begin MonoManager ReloadAssembly
Registering precompiled unity dll's ...
Register platform support module: D:/Unity/Installs/2020.3.48f1/Editor/Data/PlaybackEngines/WindowsStandaloneSupport/UnityEditor.WindowsStandalone.Extensions.dll
Registered in 0.000848 seconds.
Native extension for WindowsStandalone target not found
Refreshing native plugins compatible for Editor in 63.56 ms, found 20 plugins.
Preloading 0 native plugins for Editor in 0.00 ms.
Mono: successfully reloaded assembly
- Completed reload, in  0.527 seconds
Domain Reload Profiling:
	ReloadAssembly (527ms)
		BeginReloadAssembly (47ms)
			ExecutionOrderSort (0ms)
			DisableScriptedObjects (0ms)
			BackupInstance (0ms)
			ReleaseScriptingObjects (0ms)
			CreateAndSetChildDomain (1ms)
		EndReloadAssembly (427ms)
			LoadAssemblies (47ms)
			RebuildTransferFunctionScriptingTraits (0ms)
			SetupTypeCache (130ms)
			ReleaseScriptCaches (0ms)
			RebuildScriptCaches (25ms)
			SetupLoadedEditorAssemblies (170ms)
				LogAssemblyErrors (0ms)
				InitializePlatformSupportModulesInManaged (3ms)
				SetLoadedEditorAssemblies (0ms)
				RefreshPlugins (64ms)
				BeforeProcessingInitializeOnLoad (6ms)
				ProcessInitializeOnLoadAttributes (74ms)
				ProcessInitializeOnLoadMethodAttributes (23ms)
				AfterProcessingInitializeOnLoad (0ms)
				EditorAssembliesLoaded (0ms)
			ExecutionOrderSort2 (0ms)
			AwakeInstancesAfterBackupRestoration (0ms)
Platform modules already initialized, skipping
Registering precompiled user dll's ...
Registered in 0.007767 seconds.
Begin MonoManager ReloadAssembly
Native extension for WindowsStandalone target not found
Refreshing native plugins compatible for Editor in 66.52 ms, found 20 plugins.
Preloading 0 native plugins for Editor in 0.00 ms.
[XR] [MROpenXR][Info   ][14:51:55.298199][tid:7c0] MeshProvider_RegisterLifecycleProvider
[XR] [MROpenXR][Info   ][14:51:55.298377][tid:7c0] InputProvider_RegisterLifecycleProvider
[XR] Error loading subsystem: Display (1) (header mismatch?)
[XR] [MROpenXR][Info   ][14:51:55.299664][tid:7c0] OnPluginStarted UnityVersion=2020.3.48f1 OpenXRPluginVersion=1.8.2 MROpenXRPluginVersion=1.6.0.0 PartA_PrivTags=33554432
Mono: successfully reloaded assembly
- Completed reload, in  1.679 seconds
Domain Reload Profiling:
	ReloadAssembly (1680ms)
		BeginReloadAssembly (113ms)
			ExecutionOrderSort (0ms)
			DisableScriptedObjects (4ms)
			BackupInstance (0ms)
			ReleaseScriptingObjects (0ms)
			CreateAndSetChildDomain (15ms)
		EndReloadAssembly (1524ms)
			LoadAssemblies (93ms)
			RebuildTransferFunctionScriptingTraits (0ms)
			SetupTypeCache (300ms)
			ReleaseScriptCaches (1ms)
			RebuildScriptCaches (69ms)
			SetupLoadedEditorAssemblies (957ms)
				LogAssemblyErrors (0ms)
				InitializePlatformSupportModulesInManaged (3ms)
				SetLoadedEditorAssemblies (0ms)
				RefreshPlugins (67ms)
				BeforeProcessingInitializeOnLoad (93ms)
				ProcessInitializeOnLoadAttributes (734ms)
				ProcessInitializeOnLoadMethodAttributes (58ms)
				AfterProcessingInitializeOnLoad (2ms)
				EditorAssembliesLoaded (0ms)
			ExecutionOrderSort2 (0ms)
			AwakeInstancesAfterBackupRestoration (2ms)
Platform modules already initialized, skipping
========================================================================
Worker process is ready to serve import requests
Launched and connected shader compiler UnityShaderCompiler.exe after 0.07 seconds
Refreshing native plugins compatible for Editor in 2.06 ms, found 20 plugins.
Preloading 0 native plugins for Editor in 0.00 ms.
Unloading 4000 Unused Serialized files (Serialized files now loaded: 0)
System memory in use before: 153.4 MB.
System memory in use after: 153.6 MB.

Unloading 82 unused Assets to reduce memory usage. Loaded Objects now: 4420.
Total: 4.656900 ms (FindLiveObjects: 0.334600 ms CreateObjectMapping: 0.211000 ms MarkObjects: 4.012800 ms  DeleteObjects: 0.097700 ms)

AssetImportParameters requested are different than current active one (requested -> active):
  custom:framework-win-MediaFoundation: 216162199b28c13a410421893ffa2e32 -> 
  custom:video-decoder-ogg-theora: a1e56fd34408186e4bbccfd4996cb3dc -> 
  custom:container-muxer-webm: aa71ff27fc2769a1b78a27578f13a17b -> 
  custom:container-demuxer-webm: 4f35f7cbe854078d1ac9338744f61a02 -> 
  custom:container-demuxer-ogg: 62fdf1f143b41e24485cea50d1cbac27 -> 
  custom:video-encoder-webm-vp8: eb34c28f22e8b96e1ab97ce403110664 -> 
  custom:video-decoder-webm-vp8: 9c59270c3fd7afecdb556c50c9e8de78 -> 
  custom:audio-decoder-ogg-vorbis: bf7c407c2cedff20999df2af8eb42d56 -> 
  custom:audio-encoder-webm-vorbis: bf7c407c2cedff20999df2af8eb42d56 -> 
========================================================================
Received Import Request.
  path: Assets/Scenes/ASA.unity
  artifactKey: Guid(554b8393897f33f4c9df5587336d5d00) Importer(815301076,1909f56bfc062723c751e8b465ee728b)
Start importing Assets/Scenes/ASA.unity using Guid(554b8393897f33f4c9df5587336d5d00) Importer(815301076,1909f56bfc062723c751e8b465ee728b)  -> (artifact id: '817cde17ca1570188f4e344f3fa7befb') in 0.007166 seconds 
========================================================================
Received Import Request.
  Time since last request: 3.701002 seconds.
  path: Assets/Scenes/CameraScene.unity
  artifactKey: Guid(67eb51b439651af439b3fbb364b78859) Importer(815301076,1909f56bfc062723c751e8b465ee728b)
Start importing Assets/Scenes/CameraScene.unity using Guid(67eb51b439651af439b3fbb364b78859) Importer(815301076,1909f56bfc062723c751e8b465ee728b)  -> (artifact id: '77157a4714ebf8ed6824cb04920d0f62') in 0.002351 seconds 
========================================================================
Received Import Request.
  Time since last request: 2.905744 seconds.
  path: Assets/Resources/GeometryCompassSettings.asset
  artifactKey: Guid(f896b5e9ea2a11b409d0379142efc815) Importer(815301076,1909f56bfc062723c751e8b465ee728b)
Start importing Assets/Resources/GeometryCompassSettings.asset using Guid(f896b5e9ea2a11b409d0379142efc815) Importer(815301076,1909f56bfc062723c751e8b465ee728b)  -> (artifact id: '4dbe5c7ce716e555b9dd09eb6d492dc7') in 0.024804 seconds 
========================================================================
Received Import Request.
  Time since last request: 0.000263 seconds.
  path: Assets/Resources/ROSConnectionPrefab.prefab
  artifactKey: Guid(f57412aaa7aca8e41b9957853bae1c8e) Importer(815301076,1909f56bfc062723c751e8b465ee728b)
Start importing Assets/Resources/ROSConnectionPrefab.prefab using Guid(f57412aaa7aca8e41b9957853bae1c8e) Importer(815301076,1909f56bfc062723c751e8b465ee728b)  -> (artifact id: '23dcbf042bcbec307fe1f625c33bbb4c') in 0.038301 seconds 
========================================================================
Received Import Request.
  Time since last request: 3.249171 seconds.
  path: Assets/Models/MapPointer.prefab
  artifactKey: Guid(203ef6eea0850bf4595be485fc29d003) Importer(815301076,1909f56bfc062723c751e8b465ee728b)
Start importing Assets/Models/MapPointer.prefab using Guid(203ef6eea0850bf4595be485fc29d003) Importer(815301076,1909f56bfc062723c751e8b465ee728b)  -> (artifact id: '1181f6e1dc0fce9a6e2da951b5819522') in 0.163573 seconds 
========================================================================
Received Import Request.
  Time since last request: 0.000235 seconds.
  path: Assets/Models/pointer_thing_v3.obj
  artifactKey: Guid(ce267b8e267da29429c60eb7247180e2) Importer(815301076,1909f56bfc062723c751e8b465ee728b)
Start importing Assets/Models/pointer_thing_v3.obj using Guid(ce267b8e267da29429c60eb7247180e2) Importer(815301076,1909f56bfc062723c751e8b465ee728b)  -> (artifact id: '9d4f80be32de356eadb41fb8a667328b') in 0.383501 seconds 
========================================================================
Received Import Request.
  Time since last request: 2.210262 seconds.
  path: Assets/MixedRealityToolkit.Generated/ProjectPreferences.asset
  artifactKey: Guid(859b4404e7832f249ba3a07aaf315679) Importer(815301076,1909f56bfc062723c751e8b465ee728b)
Start importing Assets/MixedRealityToolkit.Generated/ProjectPreferences.asset using Guid(859b4404e7832f249ba3a07aaf315679) Importer(815301076,1909f56bfc062723c751e8b465ee728b)  -> (artifact id: '3fe051fb5a8ab626821e9ba5168a749f') in 0.006963 seconds 
========================================================================
Received Import Request.
  Time since last request: 4.689094 seconds.
  path: Assets/XR/XRGeneralSettings.asset
  artifactKey: Guid(7e6a2b14e9095e842b63e6c4eca81612) Importer(815301076,1909f56bfc062723c751e8b465ee728b)
Start importing Assets/XR/XRGeneralSettings.asset using Guid(7e6a2b14e9095e842b63e6c4eca81612) Importer(815301076,1909f56bfc062723c751e8b465ee728b)  -> (artifact id: '4ac8616b18003e3568a412b60229383d') in 0.007583 seconds 
========================================================================
Received Import Request.
  Time since last request: 5.487387 seconds.
  path: Assets/XR/Settings/OpenXR Editor Settings.asset
  artifactKey: Guid(45fea4a383c30344096528ac8916a047) Importer(815301076,1909f56bfc062723c751e8b465ee728b)
Start importing Assets/XR/Settings/OpenXR Editor Settings.asset using Guid(45fea4a383c30344096528ac8916a047) Importer(815301076,1909f56bfc062723c751e8b465ee728b)  -> (artifact id: '243ca00f305f4f947446ff3dca58150d') in 0.002978 seconds 
========================================================================
Received Import Request.
  Time since last request: 0.000280 seconds.
  path: Assets/XR/Settings/OpenXR Package Settings.asset
  artifactKey: Guid(10bffd54c8966f44bbacec6fc7a6eb22) Importer(815301076,1909f56bfc062723c751e8b465ee728b)
Start importing Assets/XR/Settings/OpenXR Package Settings.asset using Guid(10bffd54c8966f44bbacec6fc7a6eb22) Importer(815301076,1909f56bfc062723c751e8b465ee728b)  -> (artifact id: '94778063ac946b572e8d7189e08d35a8') in 0.007558 seconds 
========================================================================
Received Import Request.
  Time since last request: 0.691815 seconds.
  path: Assets/XR/Loaders/Open XR Loader.asset
  artifactKey: Guid(99fa6cb484b6e8b4e919817df7d58f60) Importer(815301076,1909f56bfc062723c751e8b465ee728b)
Start importing Assets/XR/Loaders/Open XR Loader.asset using Guid(99fa6cb484b6e8b4e919817df7d58f60) Importer(815301076,1909f56bfc062723c751e8b465ee728b)  -> (artifact id: '3c3d59b8e31af8df8e2f74ae8a909e22') in 0.001933 seconds 
AssetImportWorkerClient::OnTransportError - code=2 error=End of file
